2014-09-20T18:04:58  *** CryptoExpert <CryptoExpert!~CryptoExp@host-212-159-185-14.static.as13285.net> has joined #PolyMYR
2014-09-20T18:05:12  <ub3rl33t> @timebomb neuroMode
2014-09-20T18:05:12  * CryptoExpert stuffs a bomb down neuroMode's pants.  The timer is set for 47 seconds!  There are 3 wires.  They are: red, black, and green.
2014-09-20T18:05:23  <neuroMode> WTF
2014-09-20T18:05:28  <ub3rl33t> LOL
2014-09-20T18:05:33  <neuroMode> @timebomb cutwire green
2014-09-20T18:05:33  <CryptoExpert> ....._.-^^---....,,-_.......
2014-09-20T18:05:33  <CryptoExpert> ._--,.';,`.,';,.;;`;,.--_...
2014-09-20T18:05:33  <CryptoExpert> <,.;'`".,;`..,;`*.,';`.;'>).
2014-09-20T18:05:33  <CryptoExpert> I.:;.,`;~,`.;'`,.;'`,..';`I.
2014-09-20T18:05:33  <CryptoExpert> .\_.`'`..`';.,`';,`';,_../..
2014-09-20T18:05:33  <CryptoExpert> ....```--. . , ; .--'''.....
2014-09-20T18:05:33  <CryptoExpert> ..........I.II.II...........
2014-09-20T18:05:33  <CryptoExpert> ..........I.II.II...........
2014-09-20T18:05:33  <CryptoExpert> .......,-=II..I.I=-,........
2014-09-20T18:05:33  <CryptoExpert> .......`-=#$%&%$#=-'........
2014-09-20T18:05:36  <neuroMode> NOOOOOOOOO
2014-09-20T18:05:45  <ub3rl33t> fuck
2014-09-20T18:05:50  *** myriad|719 <myriad|719!47e9c2d7@gateway/web/freenode/ip.71.233.194.215> has joined #PolyMYR
2014-09-20T18:06:23  *** ub3rl33t is now known as larrabo
2014-09-20T18:06:27  <neuroMode> @timebomb ub3rl33t
2014-09-20T18:06:27  <CryptoExpert> neuroMode: Error: nick not found.
2014-09-20T18:06:39  <neuroMode> @timebomb larrabo
2014-09-20T18:06:39  * CryptoExpert stuffs a bomb down larrabo's pants.  The timer is set for 68 seconds!  There are 2 wires.  They are: red and yellow.
2014-09-20T18:06:51  *** larrabo <larrabo!uid14086@gateway/web/irccloud.com/x-ryukmfeojoiziwjx> has left #PolyMYR
2014-09-20T18:07:48  <CryptoExpert> ....._.-^^---....,,-_.......
2014-09-20T18:07:48  <CryptoExpert> ._--,.';,`.,';,.;;`;,.--_...
2014-09-20T18:07:48  <CryptoExpert> <,.;'`".,;`..,;`*.,';`.;'>).
2014-09-20T18:07:48  <CryptoExpert> I.:;.,`;~,`.;'`,.;'`,..';`I.
2014-09-20T18:07:48  <CryptoExpert> .\_.`'`..`';.,`';,`';,_../..
2014-09-20T18:07:48  <CryptoExpert> ....```--. . , ; .--'''.....
2014-09-20T18:07:48  <CryptoExpert> ..........I.II.II...........
2014-09-20T18:07:48  <CryptoExpert> ..........I.II.II...........
2014-09-20T18:07:48  <CryptoExpert> .......,-=II..I.I=-,........
2014-09-20T18:07:48  <CryptoExpert> .......`-=#$%&%$#=-'........
2014-09-20T18:12:53  *** myriad|719 is now known as birdonwheels5_
2014-09-20T21:33:34  *** birdonwheels5_ <birdonwheels5_!47e9c2d7@gateway/web/freenode/ip.71.233.194.215> has quit IRC (Ping timeout: 246 seconds)
2014-09-20T21:49:41  *** CryptoExpert` <CryptoExpert`!~CryptoExp@host-212-159-185-14.static.as13285.net> has joined #PolyMYR
2014-09-20T21:49:42  *** CryptoExpert <CryptoExpert!~CryptoExp@host-212-159-185-14.static.as13285.net> has quit IRC (Ping timeout: 272 seconds)
2014-09-20T21:49:43  *** CryptoExpert` is now known as CryptoExpert
2014-09-20T23:55:47  *** CryptoExpert <CryptoExpert!~CryptoExp@host-212-159-185-14.static.as13285.net> has joined #PolyMYR
2014-09-21T03:06:26  *** CryptoExpert <CryptoExpert!~CryptoExp@host-212-159-185-14.static.as13285.net> has joined #PolyMYR
2014-09-21T22:08:16  *** CryptoExpert <CryptoExpert!~CryptoExp@host-212-159-185-14.static.as13285.net> has joined #PolyMYR
2014-09-22T03:11:28  *** CryptoExpert <CryptoExpert!~CryptoExp@host-212-159-185-14.static.as13285.net> has joined #PolyMYR
2014-09-23T00:14:24  *** neuroMode is now known as yourmom
2014-09-23T00:14:33  *** yourmom is now known as neuroMode
2014-09-23T02:22:05  *** jwinterm <jwinterm!~quassel@108-76-180-35.lightspeed.rcsntx.sbcglobal.net> has quit IRC (Quit: No Ping reply in 180 seconds.)
2014-09-23T02:23:20  *** jwinterm <jwinterm!~quassel@108-76-180-35.lightspeed.rcsntx.sbcglobal.net> has joined #PolyMYR
2014-09-23T03:03:23  *** CryptoExpert <CryptoExpert!~CryptoExp@host-212-159-185-14.static.as13285.net> has joined #PolyMYR
2014-09-23T03:43:34  *** CryptoExpert <CryptoExpert!~CryptoExp@host-212-159-185-14.static.as13285.net> has joined #PolyMYR
2014-09-23T07:10:28  *** CryptoExpert` <CryptoExpert`!~CryptoExp@host-212-159-185-14.static.as13285.net> has joined #PolyMYR
2014-09-23T07:10:29  *** CryptoExpert` is now known as CryptoExpert
2014-09-23T10:15:27  *** CryptoExpert` <CryptoExpert`!~CryptoExp@host-212-159-185-14.static.as13285.net> has joined #PolyMYR
2014-09-23T10:15:28  *** CryptoExpert` is now known as CryptoExpert
2014-09-23T13:07:50  *** CryptoExpert <CryptoExpert!~CryptoExp@host-212-159-185-14.static.as13285.net> has joined #PolyMYR
2014-09-23T15:06:14  *** neuroMode <neuroMode!uid39147@gateway/web/irccloud.com/x-tnkkjowyoywqnmgf> has quit IRC (Ping timeout: 272 seconds)
2014-09-23T15:07:52  *** neuroMode <neuroMode!uid39147@gateway/web/irccloud.com/x-ystrwobovltnayyy> has joined #PolyMYR
2014-09-23T18:11:34  *** CryptoExpert` <CryptoExpert`!~CryptoExp@host-212-159-185-14.static.as13285.net> has joined #PolyMYR
2014-09-23T18:11:35  *** CryptoExpert` is now known as CryptoExpert
2014-09-23T18:13:20  *** myriad|930 <myriad|930!47e9c2d7@gateway/web/freenode/ip.71.233.194.215> has joined #PolyMYR
2014-09-23T18:13:48  *** myriad|930 is now known as birdonwheels5
2014-09-23T18:14:09  *** birdonwheels5_ <birdonwheels5_!47e9c2d7@gateway/web/freenode/ip.71.233.194.215> has quit IRC (Ping timeout: 246 seconds)
2014-09-23T18:55:35  *** jwinterm <jwinterm!~quassel@108-76-180-35.lightspeed.rcsntx.sbcglobal.net> has quit IRC (Ping timeout: 245 seconds)
2014-09-23T19:02:15  *** birdonwheels5 is now known as myriad|555
2014-09-23T19:02:27  *** myriad|555 is now known as birdonwheels5
2014-09-23T23:36:17  *** jwinterm <jwinterm!~quassel@108-76-180-35.lightspeed.rcsntx.sbcglobal.net> has joined #PolyMYR
2014-09-24T00:05:40  *** jwinterm <jwinterm!~quassel@108-76-180-35.lightspeed.rcsntx.sbcglobal.net> has quit IRC (Read error: Connection reset by peer)
2014-09-24T00:06:07  *** jwinterm <jwinterm!~quassel@108-76-180-35.lightspeed.rcsntx.sbcglobal.net> has joined #PolyMYR
2014-09-24T02:19:20  *** jwinterm_ <jwinterm_!~quassel@108-76-180-35.lightspeed.rcsntx.sbcglobal.net> has joined #PolyMYR
2014-09-24T02:22:14  *** jwinterm <jwinterm!~quassel@108-76-180-35.lightspeed.rcsntx.sbcglobal.net> has quit IRC (Ping timeout: 272 seconds)
2014-09-24T02:28:14  *** jwinterm_ <jwinterm_!~quassel@108-76-180-35.lightspeed.rcsntx.sbcglobal.net> has quit IRC (Read error: Connection reset by peer)
2014-09-24T07:00:38  *** birdonwheels5 <birdonwheels5!47e9c2d7@gateway/web/freenode/ip.71.233.194.215> has quit IRC (Ping timeout: 246 seconds)
2014-09-24T14:52:27  *** CryptoExpert <CryptoExpert!~CryptoExp@host-212-159-185-14.static.as13285.net> has joined #PolyMYR
2014-09-27T02:37:24  *** neuroMode <neuroMode!uid39147@gateway/web/irccloud.com/x-ystrwobovltnayyy> has quit IRC (Ping timeout: 260 seconds)
2014-09-27T05:53:35  *** neuroMode <neuroMode!uid39147@gateway/web/irccloud.com/x-nkakstufoeaidnsp> has joined #PolyMYR
2014-09-27T08:25:44  *** rdekley <rdekley!sid32464@gateway/web/irccloud.com/x-ibpozxuqwshqbbwc> has quit IRC (K-Lined)
2014-09-27T08:25:44  *** neuroMode <neuroMode!uid39147@gateway/web/irccloud.com/x-nkakstufoeaidnsp> has quit IRC (K-Lined)
2014-09-27T09:42:01  *** neuroMode <neuroMode!uid39147@gateway/web/irccloud.com/x-ragdoisdrjrstsyh> has joined #PolyMYR
2014-09-27T11:03:53  *** rdekley <rdekley!sid32464@gateway/web/irccloud.com/x-xcxzcsibtepitxeb> has joined #PolyMYR
2014-09-27T21:32:18  *** rdekley <rdekley!sid32464@gateway/web/irccloud.com/x-xcxzcsibtepitxeb> has quit IRC (Read error: Connection reset by peer)
2014-09-27T21:32:54  *** rdekley <rdekley!sid32464@gateway/web/irccloud.com/x-uqpciyfwkyzrutqv> has joined #PolyMYR
2014-09-27T21:55:50  *** CryptoExpert <CryptoExpert!~CryptoExp@host-212-159-185-14.static.as13285.net> has joined #PolyMYR
2014-09-28T00:47:02  *** CryptoExpert` <CryptoExpert`!~CryptoExp@host-212-159-185-14.static.as13285.net> has joined #PolyMYR
2014-09-28T00:48:35  *** CryptoExpert <CryptoExpert!~CryptoExp@host-212-159-185-14.static.as13285.net> has quit IRC (Read error: Connection reset by peer)
2014-09-28T00:48:35  *** CryptoExpert` is now known as CryptoExpert
2014-09-28T22:54:40  *** CryptoExpert <CryptoExpert!~CryptoExp@host-212-159-185-14.static.as13285.net> has joined #PolyMYR
2014-09-29T11:03:47  *** CryptoExpert <CryptoExpert!~CryptoExp@host-212-159-185-14.static.as13285.net> has joined #PolyMYR
2014-09-29T12:00:03  *** CryptoExpert <CryptoExpert!~CryptoExp@host-212-159-185-14.static.as13285.net> has joined #PolyMYR
2014-09-29T13:18:32  *** CryptoExpert <CryptoExpert!~CryptoExp@host-212-159-185-14.static.as13285.net> has joined #PolyMYR
2014-09-30T05:03:42  *** CryptoExpert` <CryptoExpert`!~CryptoExp@host-212-159-185-14.static.as13285.net> has joined #PolyMYR
2014-09-30T05:05:06  *** CryptoExpert` is now known as CryptoExpert
2014-09-30T10:55:04  *** CryptoExpert <CryptoExpert!~CryptoExp@host-212-159-185-14.static.as13285.net> has joined #PolyMYR
2014-09-30T15:00:27  *** CryptoExpert <CryptoExpert!~CryptoExp@host-212-159-185-14.static.as13285.net> has joined #PolyMYR
2014-10-01T19:55:44  *** neuroMode <neuroMode!uid39147@gateway/web/irccloud.com/x-ragdoisdrjrstsyh> has quit IRC (Ping timeout: 260 seconds)
2014-10-01T19:57:32  *** neuroMode <neuroMode!uid39147@gateway/web/irccloud.com/x-ebbikmeyxjpamkdi> has joined #PolyMYR
2014-10-02T20:24:15  *** CryptoExpert` <CryptoExpert`!~CryptoExp@host-212-159-185-14.static.as13285.net> has joined #PolyMYR
2014-10-02T20:24:16  *** CryptoExpert <CryptoExpert!~CryptoExp@host-212-159-185-14.static.as13285.net> has quit IRC (Read error: Connection reset by peer)
2014-10-02T20:24:16  *** CryptoExpert` is now known as CryptoExpert
2014-10-04T22:25:13  *** nzsquirrell <nzsquirrell!~nzsquirre@219-89-199-51.adsl.xtra.co.nz> has joined #PolyMYR
2014-10-05T00:09:48  *** nzsquirrell <nzsquirrell!~nzsquirre@219-89-199-51.adsl.xtra.co.nz> has quit IRC ()
2014-10-05T01:05:04  *** CryptoExpert <CryptoExpert!~CryptoExp@host-212-159-185-14.static.as13285.net> has joined #PolyMYR
2014-10-05T16:24:58  *** CryptoExpert <CryptoExpert!~CryptoExp@host-212-159-185-14.static.as13285.net> has joined #PolyMYR
2014-10-06T03:35:37  *** CryptoExpert <CryptoExpert!~CryptoExp@host-212-159-185-14.static.as13285.net> has joined #PolyMYR
2014-10-06T07:47:49  *** CryptoExpert <CryptoExpert!~CryptoExp@host-212-159-185-14.static.as13285.net> has joined #PolyMYR
2014-10-06T11:12:49  *** CryptoExpert` <CryptoExpert`!~CryptoExp@host-212-159-185-14.static.as13285.net> has joined #PolyMYR
2014-10-06T11:12:50  *** CryptoExpert` is now known as CryptoExpert
2014-10-07T19:17:13  *** CryptoExpert <CryptoExpert!~CryptoExp@host-212-159-185-14.static.as13285.net> has joined #PolyMYR
2014-10-08T07:58:50  *** CryptoExpert <CryptoExpert!~CryptoExp@host-212-159-185-14.static.as13285.net> has joined #PolyMYR
2014-10-08T12:13:38  *** CryptoExpert <CryptoExpert!~CryptoExp@host-212-159-185-14.static.as13285.net> has joined #PolyMYR
2014-10-08T19:19:32  *** CryptoExpert <CryptoExpert!~CryptoExp@host-212-159-185-14.static.as13285.net> has joined #PolyMYR
2014-10-09T04:23:27  *** neuroMode <neuroMode!uid39147@gateway/web/irccloud.com/x-ebbikmeyxjpamkdi> has quit IRC (Quit: Connection closed for inactivity)
2014-10-09T09:30:15  *** oitunk <oitunk!~vision@101.164.223.243> has joined #PolyMYR
2014-10-09T09:30:19  <oitunk> hello
2014-10-09T09:30:25  <oitunk> how is ahmed's polymyr coming along
2014-10-09T09:31:07  <oitunk> i'd like to know how it is different to nzsquirrel's pool
2014-10-10T08:30:57  *** neuroMode <neuroMode!uid39147@gateway/web/irccloud.com/x-zbdsahkuaanxxdza> has joined #PolyMYR
2014-10-11T03:23:26  *** neuroMode <neuroMode!uid39147@gateway/web/irccloud.com/x-zbdsahkuaanxxdza> has quit IRC (Quit: Connection closed for inactivity)
2014-10-11T06:47:59  *** oitunk <oitunk!~vision@101.164.223.243> has quit IRC (Ping timeout: 260 seconds)
2014-10-13T13:21:58  *** CryptoExpert <CryptoExpert!~CryptoExp@host-212-159-185-14.static.as13285.net> has joined #PolyMYR
2014-10-14T03:48:59  *** rdekley_ <rdekley_!sid32464@gateway/web/irccloud.com/x-ypuoiguhetsdotfa> has joined #PolyMYR
2014-10-14T03:53:55  *** rdekley <rdekley!sid32464@gateway/web/irccloud.com/x-tgaonvwfmtlfddqy> has quit IRC (*.net *.split)
2014-10-15T02:29:34  *** rdekley_ <rdekley_!sid32464@gateway/web/irccloud.com/x-ypuoiguhetsdotfa> has quit IRC (Ping timeout: 260 seconds)
2014-10-15T02:33:08  *** rdekley__ <rdekley__!sid32464@gateway/web/irccloud.com/x-peryblrcbngnntyb> has joined #PolyMYR
