2014-09-16T18:16:44  *** CryptoExpert <CryptoExpert!~CryptoExp@host-212-159-185-14.static.as13285.net> has joined ##digitalcoin
2014-09-16T18:16:44  *** tepper.freenode.net sets mode: +ns 
2014-09-17T20:40:43  *** CryptoExpert <CryptoExpert!~CryptoExp@host-212-159-185-14.static.as13285.net> has joined ##digitalcoin
2014-09-17T20:40:43  *** sinisalo.freenode.net sets mode: +ns 
2014-09-18T16:25:59  *** CryptoExpert <CryptoExpert!~CryptoExp@host-212-159-185-14.static.as13285.net> has joined ##digitalcoin
2014-09-18T16:25:59  *** holmes.freenode.net sets mode: +ns 
2014-09-18T23:03:40  *** CryptoExpert <CryptoExpert!~CryptoExp@host-212-159-185-14.static.as13285.net> has joined ##digitalcoin
2014-09-18T23:03:40  *** rajaniemi.freenode.net sets mode: +ns 
2014-09-18T23:03:40  -rajaniemi.freenode.net- [freenode-info] if you're at a conference and other people are having trouble connecting, please mention it to staff: http://freenode.net/faq.shtml#gettinghelp
2014-09-19T01:15:51  *** CryptoExpert` <CryptoExpert`!~CryptoExp@host-212-159-185-14.static.as13285.net> has joined ##digitalcoin
2014-09-19T01:16:35  *** CryptoExpert <CryptoExpert!~CryptoExp@host-212-159-185-14.static.as13285.net> has quit IRC (Ping timeout: 260 seconds)
2014-09-19T01:16:35  *** CryptoExpert` is now known as CryptoExpert
2014-09-19T19:29:25  *** CryptoExpert <CryptoExpert!~CryptoExp@host-212-159-185-14.static.as13285.net> has joined ##digitalcoin
2014-09-19T19:29:25  *** rajaniemi.freenode.net sets mode: +ns 
2014-09-20T08:39:47  *** CryptoExpert <CryptoExpert!~CryptoExp@host-212-159-185-14.static.as13285.net> has joined ##digitalcoin
2014-09-20T08:39:47  *** wilhelm.freenode.net sets mode: +ns 
2014-09-20T21:49:41  *** CryptoExpert` <CryptoExpert`!~CryptoExp@host-212-159-185-14.static.as13285.net> has joined ##digitalcoin
2014-09-20T21:49:42  *** CryptoExpert <CryptoExpert!~CryptoExp@host-212-159-185-14.static.as13285.net> has quit IRC (Ping timeout: 272 seconds)
2014-09-20T21:49:43  *** CryptoExpert` is now known as CryptoExpert
2014-09-20T23:55:46  *** CryptoExpert <CryptoExpert!~CryptoExp@host-212-159-185-14.static.as13285.net> has joined ##digitalcoin
2014-09-20T23:55:46  *** verne.freenode.net sets mode: +ns 
2014-09-21T03:06:26  *** CryptoExpert <CryptoExpert!~CryptoExp@host-212-159-185-14.static.as13285.net> has joined ##digitalcoin
2014-09-21T03:06:26  *** wolfe.freenode.net sets mode: +ns 
2014-09-21T03:06:26  -wolfe.freenode.net- [freenode-info] channel flooding and no channel staff around to help? Please check with freenode support: http://freenode.net/faq.shtml#gettinghelp
2014-09-21T22:08:15  *** CryptoExpert <CryptoExpert!~CryptoExp@host-212-159-185-14.static.as13285.net> has joined ##digitalcoin
2014-09-21T22:08:16  *** wilhelm.freenode.net sets mode: +ns 
2014-09-22T03:11:28  *** CryptoExpert <CryptoExpert!~CryptoExp@host-212-159-185-14.static.as13285.net> has joined ##digitalcoin
2014-09-22T03:11:28  *** sendak.freenode.net sets mode: +ns 
2014-09-23T03:03:23  *** CryptoExpert <CryptoExpert!~CryptoExp@host-212-159-185-14.static.as13285.net> has joined ##digitalcoin
2014-09-23T03:03:23  *** rajaniemi.freenode.net sets mode: +ns 
2014-09-23T03:43:34  *** CryptoExpert <CryptoExpert!~CryptoExp@host-212-159-185-14.static.as13285.net> has joined ##digitalcoin
2014-09-23T03:43:34  *** card.freenode.net sets mode: +ns 
2014-09-23T07:10:28  *** CryptoExpert` <CryptoExpert`!~CryptoExp@host-212-159-185-14.static.as13285.net> has joined ##digitalcoin
2014-09-23T07:10:28  *** verne.freenode.net sets mode: +ns 
2014-09-23T07:10:29  *** CryptoExpert` is now known as CryptoExpert
2014-09-23T10:15:26  *** CryptoExpert` <CryptoExpert`!~CryptoExp@host-212-159-185-14.static.as13285.net> has joined ##digitalcoin
2014-09-23T10:15:26  *** verne.freenode.net sets mode: +ns 
2014-09-23T10:15:28  *** CryptoExpert` is now known as CryptoExpert
2014-09-23T13:07:50  *** CryptoExpert <CryptoExpert!~CryptoExp@host-212-159-185-14.static.as13285.net> has joined ##digitalcoin
2014-09-23T13:07:50  *** kornbluth.freenode.net sets mode: +ns 
2014-09-23T18:11:34  *** CryptoExpert` <CryptoExpert`!~CryptoExp@host-212-159-185-14.static.as13285.net> has joined ##digitalcoin
2014-09-23T18:11:34  *** morgan.freenode.net sets mode: +ns 
2014-09-23T18:11:35  *** CryptoExpert` is now known as CryptoExpert
2014-09-24T14:52:27  *** CryptoExpert <CryptoExpert!~CryptoExp@host-212-159-185-14.static.as13285.net> has joined ##digitalcoin
2014-09-24T14:52:27  *** orwell.freenode.net sets mode: +ns 
2014-09-27T21:55:49  *** CryptoExpert <CryptoExpert!~CryptoExp@host-212-159-185-14.static.as13285.net> has joined ##digitalcoin
2014-09-27T21:55:49  *** sinisalo.freenode.net sets mode: +ns 
2014-09-28T00:47:02  *** CryptoExpert` <CryptoExpert`!~CryptoExp@host-212-159-185-14.static.as13285.net> has joined ##digitalcoin
2014-09-28T00:48:35  *** CryptoExpert <CryptoExpert!~CryptoExp@host-212-159-185-14.static.as13285.net> has quit IRC (Read error: Connection reset by peer)
2014-09-28T00:48:35  *** CryptoExpert` is now known as CryptoExpert
2014-09-28T22:54:40  *** CryptoExpert <CryptoExpert!~CryptoExp@host-212-159-185-14.static.as13285.net> has joined ##digitalcoin
2014-09-28T22:54:40  *** card.freenode.net sets mode: +ns 
2014-09-29T11:03:47  *** CryptoExpert <CryptoExpert!~CryptoExp@host-212-159-185-14.static.as13285.net> has joined ##digitalcoin
2014-09-29T11:03:47  *** tepper.freenode.net sets mode: +ns 
2014-09-29T12:00:03  *** CryptoExpert <CryptoExpert!~CryptoExp@host-212-159-185-14.static.as13285.net> has joined ##digitalcoin
2014-09-29T12:00:03  *** cameron.freenode.net sets mode: +ns 
2014-09-29T13:18:31  *** CryptoExpert <CryptoExpert!~CryptoExp@host-212-159-185-14.static.as13285.net> has joined ##digitalcoin
2014-09-29T13:18:31  *** sendak.freenode.net sets mode: +ns 
2014-09-30T05:03:42  *** CryptoExpert` <CryptoExpert`!~CryptoExp@host-212-159-185-14.static.as13285.net> has joined ##digitalcoin
2014-09-30T05:05:06  *** CryptoExpert` is now known as CryptoExpert
2014-09-30T10:55:03  *** CryptoExpert <CryptoExpert!~CryptoExp@host-212-159-185-14.static.as13285.net> has joined ##digitalcoin
2014-09-30T10:55:04  *** rajaniemi.freenode.net sets mode: +ns 
2014-09-30T15:00:27  *** CryptoExpert <CryptoExpert!~CryptoExp@host-212-159-185-14.static.as13285.net> has joined ##digitalcoin
2014-09-30T15:00:27  *** sendak.freenode.net sets mode: +ns 
2014-09-30T15:00:27  -sendak.freenode.net- [freenode-info] please register your nickname...don't forget to auto-identify! http://freenode.net/faq.shtml#nicksetup
2014-10-02T20:24:15  *** CryptoExpert` <CryptoExpert`!~CryptoExp@host-212-159-185-14.static.as13285.net> has joined ##digitalcoin
2014-10-02T20:24:16  *** CryptoExpert <CryptoExpert!~CryptoExp@host-212-159-185-14.static.as13285.net> has quit IRC (Read error: Connection reset by peer)
2014-10-02T20:24:16  *** CryptoExpert` is now known as CryptoExpert
2014-10-05T01:05:04  *** CryptoExpert <CryptoExpert!~CryptoExp@host-212-159-185-14.static.as13285.net> has joined ##digitalcoin
2014-10-05T01:05:04  *** tepper.freenode.net sets mode: +ns 
2014-10-05T16:24:57  *** CryptoExpert <CryptoExpert!~CryptoExp@host-212-159-185-14.static.as13285.net> has joined ##digitalcoin
2014-10-05T16:24:58  *** rajaniemi.freenode.net sets mode: +ns 
2014-10-06T03:35:36  *** CryptoExpert <CryptoExpert!~CryptoExp@host-212-159-185-14.static.as13285.net> has joined ##digitalcoin
2014-10-06T03:35:36  *** orwell.freenode.net sets mode: +ns 
2014-10-06T07:47:49  *** CryptoExpert <CryptoExpert!~CryptoExp@host-212-159-185-14.static.as13285.net> has joined ##digitalcoin
2014-10-06T07:47:49  *** verne.freenode.net sets mode: +ns 
2014-10-06T11:12:49  *** CryptoExpert` <CryptoExpert`!~CryptoExp@host-212-159-185-14.static.as13285.net> has joined ##digitalcoin
2014-10-06T11:12:49  *** rajaniemi.freenode.net sets mode: +ns 
2014-10-06T11:12:50  *** CryptoExpert` is now known as CryptoExpert
2014-10-07T19:17:13  *** CryptoExpert <CryptoExpert!~CryptoExp@host-212-159-185-14.static.as13285.net> has joined ##digitalcoin
2014-10-07T19:17:13  *** kornbluth.freenode.net sets mode: +ns 
2014-10-08T07:58:49  *** CryptoExpert <CryptoExpert!~CryptoExp@host-212-159-185-14.static.as13285.net> has joined ##digitalcoin
2014-10-08T07:58:50  *** sendak.freenode.net sets mode: +ns 
2014-10-08T07:58:50  -sendak.freenode.net- [freenode-info] please register your nickname...don't forget to auto-identify! http://freenode.net/faq.shtml#nicksetup
2014-10-08T12:13:38  *** CryptoExpert <CryptoExpert!~CryptoExp@host-212-159-185-14.static.as13285.net> has joined ##digitalcoin
2014-10-08T12:13:38  *** card.freenode.net sets mode: +ns 
2014-10-08T19:19:31  *** CryptoExpert <CryptoExpert!~CryptoExp@host-212-159-185-14.static.as13285.net> has joined ##digitalcoin
2014-10-08T19:19:31  *** verne.freenode.net sets mode: +ns 
2014-10-08T19:19:32  -verne.freenode.net- [freenode-info] channel trolls and no channel staff around to help? please check with freenode support: http://freenode.net/faq.shtml#gettinghelp
2014-10-13T13:21:58  *** CryptoExpert <CryptoExpert!~CryptoExp@host-212-159-185-14.static.as13285.net> has joined ##digitalcoin
2014-10-13T13:21:58  *** sinisalo.freenode.net sets mode: +ns 
